This is pdfTeX, Version 3.14159265-2.6-1.40.19 (MiKTeX 2.9.6840 64-bit) (preloaded format=pdflatex 2018.12.11)  14 DEC 2018 21:00
entering extended mode
**./G00236920_LitReview.tex
(G00236920_LitReview.tex
LaTeX2e <2018-04-01> patch level 5
(IEEEtran.cls
Document Class: IEEEtran 2015/08/26 V1.8b by Michael Shell
-- See the "IEEEtran_HOWTO" manual for usage information.
-- http://www.michaelshell.org/tex/ieeetran/
\@IEEEtrantmpdimenA=\dimen102
\@IEEEtrantmpdimenB=\dimen103
\@IEEEtrantmpdimenC=\dimen104
\@IEEEtrantmpcountA=\count80
\@IEEEtrantmpcountB=\count81
\@IEEEtrantmpcountC=\count82
\@IEEEtrantmptoksA=\toks14
LaTeX Font Info:    Try loading font information for OT1+ppl on input line 503.

("C:\Users\Michael\AppData\Local\Programs\MiKTeX 2.9\tex\latex\psnfss\ot1ppl.fd
"
File: ot1ppl.fd 2001/06/04 font definitions for OT1/ppl.
)
-- Using IEEE Computer Society mode.
-- Using 8.5in x 11in (letter) paper.
-- Using PDF output.
\@IEEEnormalsizeunitybaselineskip=\dimen105
-- This is a 10 point document.
\CLASSINFOnormalsizebaselineskip=\dimen106
\CLASSINFOnormalsizeunitybaselineskip=\dimen107
\IEEEnormaljot=\dimen108
LaTeX Font Info:    Font shape `OT1/ppl/bx/n' in size <5.01874> not available
(Font)              Font shape `OT1/ppl/b/n' tried instead on input line 1090.
LaTeX Font Info:    Font shape `OT1/ppl/bx/it' in size <5.01874> not available
(Font)              Font shape `OT1/ppl/b/it' tried instead on input line 1090.

LaTeX Font Info:    Font shape `OT1/ppl/bx/n' in size <7.02625> not available
(Font)              Font shape `OT1/ppl/b/n' tried instead on input line 1090.
LaTeX Font Info:    Font shape `OT1/ppl/bx/it' in size <7.02625> not available
(Font)              Font shape `OT1/ppl/b/it' tried instead on input line 1090.

LaTeX Font Info:    Font shape `OT1/ppl/bx/n' in size <8.03> not available
(Font)              Font shape `OT1/ppl/b/n' tried instead on input line 1090.
LaTeX Font Info:    Font shape `OT1/ppl/bx/it' in size <8.03> not available
(Font)              Font shape `OT1/ppl/b/it' tried instead on input line 1090.

LaTeX Font Info:    Font shape `OT1/ppl/bx/n' in size <9.03374> not available
(Font)              Font shape `OT1/ppl/b/n' tried instead on input line 1090.
LaTeX Font Info:    Font shape `OT1/ppl/bx/it' in size <9.03374> not available
(Font)              Font shape `OT1/ppl/b/it' tried instead on input line 1090.

LaTeX Font Info:    Font shape `OT1/ppl/bx/n' in size <9.53561> not available
(Font)              Font shape `OT1/ppl/b/n' tried instead on input line 1090.
LaTeX Font Info:    Font shape `OT1/ppl/bx/it' in size <9.53561> not available
(Font)              Font shape `OT1/ppl/b/it' tried instead on input line 1090.

LaTeX Font Info:    Font shape `OT1/ppl/bx/n' in size <11.04124> not available
(Font)              Font shape `OT1/ppl/b/n' tried instead on input line 1090.
LaTeX Font Info:    Font shape `OT1/ppl/bx/it' in size <11.04124> not available

(Font)              Font shape `OT1/ppl/b/it' tried instead on input line 1090.

LaTeX Font Info:    Font shape `OT1/ppl/bx/n' in size <12.045> not available
(Font)              Font shape `OT1/ppl/b/n' tried instead on input line 1090.
LaTeX Font Info:    Font shape `OT1/ppl/bx/it' in size <12.045> not available
(Font)              Font shape `OT1/ppl/b/it' tried instead on input line 1090.

LaTeX Font Info:    Font shape `OT1/ppl/bx/n' in size <17.06374> not available
(Font)              Font shape `OT1/ppl/b/n' tried instead on input line 1090.
LaTeX Font Info:    Font shape `OT1/ppl/bx/it' in size <17.06374> not available

(Font)              Font shape `OT1/ppl/b/it' tried instead on input line 1090.

LaTeX Font Info:    Font shape `OT1/ppl/bx/n' in size <20.075> not available
(Font)              Font shape `OT1/ppl/b/n' tried instead on input line 1090.
LaTeX Font Info:    Font shape `OT1/ppl/bx/it' in size <20.075> not available
(Font)              Font shape `OT1/ppl/b/it' tried instead on input line 1090.

LaTeX Font Info:    Font shape `OT1/ppl/bx/n' in size <24.09> not available
(Font)              Font shape `OT1/ppl/b/n' tried instead on input line 1090.
LaTeX Font Info:    Font shape `OT1/ppl/bx/it' in size <24.09> not available
(Font)              Font shape `OT1/ppl/b/it' tried instead on input line 1090.

\IEEEquantizedlength=\dimen109
\IEEEquantizedlengthdiff=\dimen110
\IEEEquantizedtextheightdiff=\dimen111
\IEEEilabelindentA=\dimen112
\IEEEilabelindentB=\dimen113
\IEEEilabelindent=\dimen114
\IEEEelabelindent=\dimen115
\IEEEdlabelindent=\dimen116
\IEEElabelindent=\dimen117
\IEEEiednormlabelsep=\dimen118
\IEEEiedmathlabelsep=\dimen119
\IEEEiedtopsep=\skip41
\c@section=\count83
\c@subsection=\count84
\c@subsubsection=\count85
\c@paragraph=\count86
\c@IEEEsubequation=\count87
\abovecaptionskip=\skip42
\belowcaptionskip=\skip43
\c@figure=\count88
\c@table=\count89
\@IEEEeqnnumcols=\count90
\@IEEEeqncolcnt=\count91
\@IEEEsubeqnnumrollback=\count92
\@IEEEquantizeheightA=\dimen120
\@IEEEquantizeheightB=\dimen121
\@IEEEquantizeheightC=\dimen122
\@IEEEquantizeprevdepth=\dimen123
\@IEEEquantizemultiple=\count93
\@IEEEquantizeboxA=\box26
\@IEEEtmpitemindent=\dimen124
\IEEEPARstartletwidth=\dimen125
\c@IEEEbiography=\count94
\@IEEEtranrubishbin=\box27
) (G00236920_LitReview.aux

LaTeX Warning: Label `' multiply defined.


LaTeX Warning: Label `' multiply defined.


LaTeX Warning: Label `' multiply defined.


LaTeX Warning: Label `' multiply defined.


LaTeX Warning: Label `' multiply defined.


LaTeX Warning: Label `' multiply defined.


LaTeX Warning: Label `' multiply defined.


LaTeX Warning: Label `' multiply defined.


LaTeX Warning: Label `' multiply defined.


LaTeX Warning: Label `' multiply defined.

)
\openout1 = `G00236920_LitReview.aux'.

LaTeX Font Info:    Checking defaults for OML/cmm/m/it on input line 14.
LaTeX Font Info:    ... okay on input line 14.
LaTeX Font Info:    Checking defaults for T1/cmr/m/n on input line 14.
LaTeX Font Info:    ... okay on input line 14.
LaTeX Font Info:    Checking defaults for OT1/cmr/m/n on input line 14.
LaTeX Font Info:    ... okay on input line 14.
LaTeX Font Info:    Checking defaults for OMS/cmsy/m/n on input line 14.
LaTeX Font Info:    ... okay on input line 14.
LaTeX Font Info:    Checking defaults for OMX/cmex/m/n on input line 14.
LaTeX Font Info:    ... okay on input line 14.
LaTeX Font Info:    Checking defaults for U/cmr/m/n on input line 14.
LaTeX Font Info:    ... okay on input line 14.

-- Lines per column: 61 (exact).
LaTeX Font Info:    Try loading font information for OT1+phv on input line 38.
("C:\Users\Michael\AppData\Local\Programs\MiKTeX 2.9\tex\latex\psnfss\ot1phv.fd
"
File: ot1phv.fd 2001/06/04 scalable font definitions for OT1/phv.
)
LaTeX Font Info:    Font shape `OT1/phv/bx/n' in size <8.03> not available
(Font)              Font shape `OT1/phv/b/n' tried instead on input line 38.
LaTeX Font Info:    Calculating math sizes for size <11.04124> on input line 38
.
LaTeX Font Info:    External font `cmex10' loaded for size
(Font)              <11.04124> on input line 38.
LaTeX Font Info:    External font `cmex10' loaded for size
(Font)              <7.72884> on input line 38.
LaTeX Font Info:    External font `cmex10' loaded for size
(Font)              <5.52061> on input line 38.
LaTeX Font Info:    Try loading font information for U+pzd on input line 38.
 ("C:\Users\Michael\AppData\Local\Programs\MiKTeX 2.9\tex\latex\psnfss\upzd.fd"
File: upzd.fd 2001/06/04 font definitions for U/pzd.
)
LaTeX Font Info:    Calculating math sizes for size <8.03> on input line 38.
LaTeX Font Info:    External font `cmex10' loaded for size
(Font)              <8.03> on input line 38.
LaTeX Font Info:    External font `cmex10' loaded for size
(Font)              <5.62097> on input line 38.
LaTeX Font Info:    External font `cmex10' loaded for size
(Font)              <4.015> on input line 38.
LaTeX Font Info:    Font shape `OT1/phv/bx/n' in size <11.04124> not available
(Font)              Font shape `OT1/phv/b/n' tried instead on input line 40.
LaTeX Font Info:    Font shape `OT1/phv/bx/sc' in size <11.04124> not available

(Font)              Font shape `OT1/phv/b/sc' tried instead on input line 40.

Underfull \hbox (badness 10000) in paragraph at lines 41--42

 []


Underfull \hbox (badness 10000) in paragraph at lines 43--45
[]\OT1/ppl/m/n/9.53561 Head mounted dis-play units and room scale
 []


Underfull \hbox (badness 2384) in paragraph at lines 43--45
\OT1/ppl/m/n/9.53561 en-vi-ron-ments al-low many users to ex-pe-ri-ence many
 []


Underfull \hbox (badness 10000) in paragraph at lines 43--45

 []


Underfull \hbox (badness 10000) in paragraph at lines 47--48

 []

LaTeX Font Info:    Font shape `OT1/phv/bx/n' in size <9.53561> not available
(Font)              Font shape `OT1/phv/b/n' tried instead on input line 51.

Underfull \hbox (badness 10000) in paragraph at lines 52--53

 []

[1{C:/Users/Michael/AppData/Local/MiKTeX/2.9/pdftex/config/pdftex.map}


]
Underfull \hbox (badness 10000) in paragraph at lines 54--55

 []


Underfull \hbox (badness 10000) in paragraph at lines 56--57

 []


Underfull \hbox (badness 10000) in paragraph at lines 58--59

 []


Underfull \hbox (badness 10000) in paragraph at lines 60--61

 []


Underfull \hbox (badness 2050) in paragraph at lines 65--66
\OT1/ppl/m/n/9.53561 On 16 Novem-ber 1973 Sky-lab 4 was launched and
 []


Underfull \hbox (badness 10000) in paragraph at lines 65--66

 []


Underfull \hbox (badness 1867) in paragraph at lines 67--68
[]\OT1/ppl/m/n/9.53561 This ar-ti-cle was pub-lished May 1, 2018, in Acta
 []


Underfull \hbox (badness 2126) in paragraph at lines 67--68
\OT1/ppl/m/n/9.53561 As-tro-nau-tica. The doc-u-ment at this mo-ment has no
 []


Underfull \hbox (badness 10000) in paragraph at lines 67--68

 []


Underfull \hbox (badness 10000) in paragraph at lines 69--70

 []

[2]
Underfull \hbox (badness 10000) in paragraph at lines 71--72

 []


Underfull \hbox (badness 2020) in paragraph at lines 74--75
\OT1/ppl/m/n/9.53561 dis-or-ders (Ferrer-Garcia et al., 2013), pho-bias
 []


Underfull \hbox (badness 10000) in paragraph at lines 74--75

 []


Underfull \hbox (badness 10000) in paragraph at lines 80--81

 []


Underfull \hbox (badness 10000) in paragraph at lines 82--83

 []


Underfull \hbox (badness 3039) in paragraph at lines 100--101
\OT1/ppl/m/n/8.03 re-al-ity in med-i-cal ed-u-ca-tion to teach em-pa-thy. JOUR-
NAL
 []


Underfull \hbox (badness 2134) in paragraph at lines 100--101
\OT1/ppl/m/n/8.03 OF THE MED-I-CAL LI-BRARY AS-SO-CI-A-TION 106, 498{500.
 []


Underfull \hbox (badness 10000) in paragraph at lines 100--101

 []


Underfull \hbox (badness 10000) in paragraph at lines 102--103

 []

[3]
Underfull \hbox (badness 4048) in paragraph at lines 105--106
[]\OT1/ppl/m/n/8.03 Ka-Chun Siu, Best, B.J., Jong Wook Kim, Oleynikov, D.,
 []


Underfull \hbox (badness 4024) in paragraph at lines 105--106
\OT1/ppl/m/n/8.03 Rit-ter, F.E., Siu, K.-C., Kim, J.W., 2016. Adap-tive Vir-tua
l
 []


Underfull \hbox (badness 10000) in paragraph at lines 105--106
\OT1/ppl/m/n/8.03 Re-al-ity Train-ing to Op-ti-mize Mil-i-tary Med-i-cal Skills

 []


Underfull \hbox (badness 2846) in paragraph at lines 105--106
\OT1/ppl/m/n/8.03 Ac-qui-si-tion and Re-ten-tion. Mil-i-tary Medicine 181, 214{
220.
 []


Underfull \hbox (badness 10000) in paragraph at lines 105--106

 []


Underfull \hbox (badness 10000) in paragraph at lines 108--109
[]\OT1/ppl/m/n/8.03 Lin, C.J., Widyan-ingrum, R., 2018. The ef-fect of par-
 []


Underfull \hbox (badness 10000) in paragraph at lines 108--109
\OT1/ppl/m/n/8.03 al-lax on eye fix-a-tion pa-ram-e-ter in projection-based
 []


Underfull \hbox (badness 10000) in paragraph at lines 108--109
\OT1/ppl/m/n/8.03 stereo-scopic dis-plays. Ap-plied Er-gonomics 69, 10{16.
 []


Underfull \hbox (badness 10000) in paragraph at lines 108--109

 []


Underfull \hbox (badness 10000) in paragraph at lines 111--112

 []


Underfull \hbox (badness 10000) in paragraph at lines 114--115
[]\OT1/ppl/m/n/8.03 Mohr, D.C., Burns, M.N., Schueller, S.M., Clarke, G.,
 []


Underfull \hbox (badness 6110) in paragraph at lines 114--115
\OT1/ppl/m/n/8.03 Klinkman, M., 2013. Be-hav-ioral In-ter-ven-tion Tech-nolo-gi
es:
 []


Underfull \hbox (badness 3333) in paragraph at lines 114--115
\OT1/ppl/m/n/8.03 Ev-i-dence re-view and rec-om-men-da-tions for fu-ture re-sea
rch
 []


Underfull \hbox (badness 2435) in paragraph at lines 114--115
\OT1/ppl/m/n/8.03 in men-tal health. Gen-eral Hos-pi-tal Psy-chi-a-try 35, 332{
338.
 []


Underfull \hbox (badness 10000) in paragraph at lines 114--115

 []


Underfull \hbox (badness 6510) in paragraph at lines 117--118
[]\OT1/ppl/m/n/8.03 Nalivaiko, E., Davis, S.L., Black-more, K.L., Vakulin, A.,
 []


Underfull \hbox (badness 10000) in paragraph at lines 117--118
\OT1/ppl/m/n/8.03 Nes-bitt, K.V., 2015. Cy-ber-sick-ness pro-voked by head-
 []


Underfull \hbox (badness 1472) in paragraph at lines 117--118
\OT1/ppl/m/n/8.03 mounted dis-play af-fects cu-ta-neous vas-cu-lar tone, heart 
rate
 []


Underfull \hbox (badness 3138) in paragraph at lines 117--118
\OT1/ppl/m/n/8.03 and re-ac-tion time. Phys-i-ol-ogy and Be-hav-ior 151, 583{59
0.
 []


Underfull \hbox (badness 10000) in paragraph at lines 117--118

 []


Underfull \hbox (badness 5726) in paragraph at lines 120--121
\OT1/ppl/m/n/8.03 duration space mis-sions. Acta As-tro-nau-tica 146, 117{122.
 []


Underfull \hbox (badness 10000) in paragraph at lines 120--121

 []


Underfull \hbox (badness 10000) in paragraph at lines 122--123
[]\OT1/ppl/m/n/8.03 Valmaggia, L.R., Latif, L., Kemp-ton, M.J., Rus-Calafell,
 []


Underfull \hbox (badness 7379) in paragraph at lines 122--123
\OT1/ppl/m/n/8.03 M., 2016. Vir-tual re-al-ity in the psy-cho-log-i-cal treat-m
ent
 []


Underfull \hbox (badness 10000) in paragraph at lines 122--123
\OT1/ppl/m/n/8.03 for men-tal health prob-lems: An sys-tem-atic re-view
 []


Underfull \hbox (badness 10000) in paragraph at lines 122--123
\OT1/ppl/m/n/8.03 of re-cent ev-i-dence. Psy-chi-a-try Re-search 236, 189{195.
 []


Underfull \hbox (badness 10000) in paragraph at lines 122--123

 []


Underfull \hbox (badness 10000) in paragraph at lines 125--126

 []


Underfull \hbox (badness 2343) in paragraph at lines 128--129
[]\OT1/ppl/m/n/8.03 Reason, J.T., 1978. Mo-tion Sick-ness Adap-ta-tion: A Neu-r
al
 []


Underfull \hbox (badness 10000) in paragraph at lines 128--129

 []

[4

] (G00236920_LitReview.aux)

LaTeX Warning: There were multiply-defined labels.

 ) 
Here is how much of TeX's memory you used:
 1171 strings out of 492970
 21693 string characters out of 3125705
 90475 words of memory out of 3000000
 5093 multiletter control sequences out of 15000+200000
 43006 words of font info for 91 fonts, out of 3000000 for 9000
 1144 hyphenation exceptions out of 8191
 29i,6n,22p,1840b,289s stack positions out of 5000i,500n,10000p,200000b,50000s
{C:/Users/Michael/AppData/Local/Programs/MiKTeX 2.9/fonts/enc/dvips/base/8r.e
nc}<C:/Users/Michael/AppData/Local/Programs/MiKTeX 2.9/fonts/type1/public/amsfo
nts/cm/cmsy8.pfb><C:/Users/Michael/AppData/Local/Programs/MiKTeX 2.9/fonts/type
1/urw/helvetic/uhvb8a.pfb><C:/Users/Michael/AppData/Local/Programs/MiKTeX 2.9/f
onts/type1/urw/helvetic/uhvr8a.pfb><C:/Users/Michael/AppData/Local/Programs/MiK
TeX 2.9/fonts/type1/urw/palatino/uplr8a.pfb><C:/Users/Michael/AppData/Local/Pro
grams/MiKTeX 2.9/fonts/type1/urw/palatino/uplri8a.pfb><C:/Users/Michael/AppData
/Local/Programs/MiKTeX 2.9/fonts/type1/urw/zapfding/uzdr.pfb>
Output written on G00236920_LitReview.pdf (4 pages, 92819 bytes).
PDF statistics:
 40 PDF objects out of 1000 (max. 8388607)
 0 named destinations out of 1000 (max. 500000)
 1 words of extra memory for PDF output out of 10000 (max. 10000000)

